<?xml version="1.0" encoding="UTF-8"?>
<!-- Generated by org.testng.reporters.JUnitReportReporter -->
<testsuite hostname="admin-PC" failures="0" tests="3" name="tests.Testing1" time="0.016" errors="0" timestamp="23 Dec 2020 18:45:40 GMT" skipped="0">
  <testcase classname="tests.Testing1" name="test2" time="0.003"/>
  <testcase classname="tests.Testing1" name="test1" time="0.009"/>
  <testcase classname="tests.Testing1" name="test3" time="0.004"/>
</testsuite> <!-- tests.Testing1 -->
