<?xml version="1.0" encoding="UTF-8"?>
<!-- Generated by org.testng.reporters.JUnitReportReporter -->
<testsuite hostname="admin-PC" failures="0" tests="2" name="tests.Testing2" time="0.004" errors="0" timestamp="23 Dec 2020 18:45:40 GMT" skipped="0">
  <testcase classname="tests.Testing2" name="test4" time="0.002"/>
  <testcase classname="tests.Testing2" name="test5" time="0.002"/>
</testsuite> <!-- tests.Testing2 -->
