<?xml version="1.0" encoding="UTF-8"?>
<!-- Generated by org.testng.reporters.JUnitReportReporter -->
<testsuite hostname="admin-PC" failures="0" tests="1" name="tests.LoginTest" time="13.696" errors="0" timestamp="24 Dec 2020 00:02:02 GMT" skipped="0">
  <testcase classname="tests.LoginTest" name="loginWithEmptyPassword" time="13.696"/>
</testsuite> <!-- tests.LoginTest -->
