<?xml version="1.0" encoding="UTF-8"?>
<!-- Generated by org.testng.reporters.JUnitReportReporter -->
<testsuite hostname="admin-PC" failures="0" tests="5" name="tests.SignUPTest" time="39.720" errors="0" timestamp="23 Dec 2020 05:57:34 GMT" skipped="0">
  <testcase classname="tests.SignUPTest" name="signUpWithoutEmail" time="7.942"/>
  <testcase classname="tests.SignUPTest" name="signUpWithoutPassword" time="7.455"/>
  <testcase classname="tests.SignUPTest" name="signUpWithoutLastName" time="7.969"/>
  <testcase classname="tests.SignUPTest" name="signUpWithWrongEmail" time="8.732"/>
  <testcase classname="tests.SignUPTest" name="signUpWithoutFirstName" time="7.622"/>
</testsuite> <!-- tests.SignUPTest -->
